{"/home/vaddshah/Documents/study/react-testing-practice/src/App.tsx": {"path":"/home/vaddshah/Documents/study/react-testing-practice/src/App.tsx","statementMap":{"0":{"start":{"line":1,"column":0},"end":{"line":1,"column":33}},"1":{"start":{"line":2,"column":0},"end":{"line":2,"column":19}},"2":{"start":{"line":5,"column":28},"end":{"line":5,"column":39}},"3":{"start":{"line":7,"column":2},"end":{"line":22,"column":4}},"4":{"start":{"line":11,"column":31},"end":{"line":11,"column":61}},"5":{"start":{"line":11,"column":51},"end":{"line":11,"column":60}},"6":{"start":{"line":25,"column":0},"end":{"line":25,"column":19}}},"fnMap":{"0":{"name":"App","decl":{"start":{"line":4,"column":9},"end":{"line":4,"column":12}},"loc":{"start":{"line":4,"column":12},"end":{"line":23,"column":1}}},"1":{"name":"(anonymous_1)","decl":{"start":{"line":11,"column":25},"end":{"line":11,"column":28}},"loc":{"start":{"line":11,"column":31},"end":{"line":11,"column":61}}},"2":{"name":"(anonymous_2)","decl":{"start":{"line":11,"column":40},"end":{"line":11,"column":41}},"loc":{"start":{"line":11,"column":51},"end":{"line":11,"column":60}}}},"branchMap":{},"s":{"0":0,"1":0,"2":0,"3":0,"4":0,"5":0,"6":0},"f":{"0":0,"1":0,"2":0},"b":{}}
,"/home/vaddshah/Documents/study/react-testing-practice/src/main.tsx": {"path":"/home/vaddshah/Documents/study/react-testing-practice/src/main.tsx","statementMap":{"0":{"start":{"line":1,"column":0},"end":{"line":1,"column":46}},"1":{"start":{"line":2,"column":0},"end":{"line":2,"column":21}},"2":{"start":{"line":3,"column":0},"end":{"line":3,"column":28}},"3":{"start":{"line":5,"column":0},"end":{"line":5,"column":61}}},"fnMap":{},"branchMap":{},"s":{"0":0,"1":0,"2":0,"3":0},"f":{},"b":{}}
}
