{"/home/vaddshah/Documents/study/react-testing-practice/src/App.tsx": {"path":"/home/vaddshah/Documents/study/react-testing-practice/src/App.tsx","statementMap":{"0":{"start":{"line":1,"column":0},"end":{"line":1,"column":39}},"1":{"start":{"line":3,"column":12},"end":{"line":9,"column":1}},"2":{"start":{"line":4,"column":2},"end":{"line":8,"column":4}},"3":{"start":{"line":11,"column":0},"end":{"line":11,"column":19}}},"fnMap":{"0":{"name":"(anonymous_0)","decl":{"start":{"line":3,"column":12},"end":{"line":3,"column":15}},"loc":{"start":{"line":3,"column":17},"end":{"line":9,"column":1}}}},"branchMap":{},"s":{"0":0,"1":0,"2":0,"3":0},"f":{"0":0},"b":{}}
,"/home/vaddshah/Documents/study/react-testing-practice/src/main.tsx": {"path":"/home/vaddshah/Documents/study/react-testing-practice/src/main.tsx","statementMap":{"0":{"start":{"line":1,"column":0},"end":{"line":1,"column":46}},"1":{"start":{"line":2,"column":0},"end":{"line":2,"column":28}},"2":{"start":{"line":4,"column":0},"end":{"line":4,"column":61}}},"fnMap":{},"branchMap":{},"s":{"0":0,"1":0,"2":0},"f":{},"b":{}}
,"/home/vaddshah/Documents/study/react-testing-practice/src/components/Home.tsx": {"path":"/home/vaddshah/Documents/study/react-testing-practice/src/components/Home.tsx","statementMap":{"0":{"start":{"line":1,"column":13},"end":{"line":9,"column":1}},"1":{"start":{"line":2,"column":2},"end":{"line":8,"column":4}},"2":{"start":{"line":11,"column":0},"end":{"line":11,"column":20}}},"fnMap":{"0":{"name":"(anonymous_0)","decl":{"start":{"line":1,"column":13},"end":{"line":1,"column":16}},"loc":{"start":{"line":1,"column":18},"end":{"line":9,"column":1}}}},"branchMap":{},"s":{"0":1,"1":3,"2":1},"f":{"0":3},"b":{}}
,"/home/vaddshah/Documents/study/react-testing-practice/src/components/Notes.tsx": {"path":"/home/vaddshah/Documents/study/react-testing-practice/src/components/Notes.tsx","statementMap":{"0":{"start":{"line":1,"column":0},"end":{"line":1,"column":33}},"1":{"start":{"line":3,"column":14},"end":{"line":33,"column":1}},"2":{"start":{"line":4,"column":26},"end":{"line":4,"column":38}},"3":{"start":{"line":5,"column":26},"end":{"line":5,"column":48}},"4":{"start":{"line":6,"column":2},"end":{"line":32,"column":4}},"5":{"start":{"line":11,"column":10},"end":{"line":11,"column":29}},"6":{"start":{"line":12,"column":10},"end":{"line":12,"column":35}},"7":{"start":{"line":13,"column":10},"end":{"line":13,"column":22}},"8":{"start":{"line":20,"column":27},"end":{"line":20,"column":50}},"9":{"start":{"line":28,"column":10},"end":{"line":28,"column":27}},"10":{"start":{"line":35,"column":0},"end":{"line":35,"column":21}}},"fnMap":{"0":{"name":"(anonymous_0)","decl":{"start":{"line":3,"column":14},"end":{"line":3,"column":17}},"loc":{"start":{"line":3,"column":19},"end":{"line":33,"column":1}}},"1":{"name":"(anonymous_1)","decl":{"start":{"line":10,"column":18},"end":{"line":10,"column":19}},"loc":{"start":{"line":10,"column":24},"end":{"line":14,"column":9}}},"2":{"name":"(anonymous_2)","decl":{"start":{"line":20,"column":20},"end":{"line":20,"column":21}},"loc":{"start":{"line":20,"column":27},"end":{"line":20,"column":50}}},"3":{"name":"(anonymous_3)","decl":{"start":{"line":27,"column":18},"end":{"line":27,"column":19}},"loc":{"start":{"line":28,"column":10},"end":{"line":28,"column":27}}}},"branchMap":{},"s":{"0":1,"1":1,"2":14,"3":14,"4":14,"5":2,"6":2,"7":2,"8":3,"9":4,"10":1},"f":{"0":14,"1":2,"2":3,"3":4},"b":{}}
,"/home/vaddshah/Documents/study/react-testing-practice/src/components/Todos.tsx": {"path":"/home/vaddshah/Documents/study/react-testing-practice/src/components/Todos.tsx","statementMap":{"0":{"start":{"line":1,"column":0},"end":{"line":1,"column":44}},"1":{"start":{"line":3,"column":14},"end":{"line":40,"column":1}},"2":{"start":{"line":4,"column":28},"end":{"line":5,"column":null}},"3":{"start":{"line":7,"column":30},"end":{"line":7,"column":63}},"4":{"start":{"line":9,"column":2},"end":{"line":20,"column":9}},"5":{"start":{"line":10,"column":4},"end":{"line":14,"column":9}},"6":{"start":{"line":11,"column":26},"end":{"line":11,"column":41}},"7":{"start":{"line":13,"column":8},"end":{"line":13,"column":35}},"8":{"start":{"line":15,"column":4},"end":{"line":19,"column":9}},"9":{"start":{"line":16,"column":26},"end":{"line":16,"column":41}},"10":{"start":{"line":18,"column":8},"end":{"line":18,"column":36}},"11":{"start":{"line":22,"column":2},"end":{"line":39,"column":4}},"12":{"start":{"line":27,"column":10},"end":{"line":27,"column":null}},"13":{"start":{"line":35,"column":10},"end":{"line":35,"column":27}},"14":{"start":{"line":42,"column":0},"end":{"line":42,"column":21}}},"fnMap":{"0":{"name":"(anonymous_0)","decl":{"start":{"line":3,"column":14},"end":{"line":3,"column":17}},"loc":{"start":{"line":3,"column":19},"end":{"line":40,"column":1}}},"1":{"name":"(anonymous_1)","decl":{"start":{"line":9,"column":12},"end":{"line":9,"column":15}},"loc":{"start":{"line":9,"column":17},"end":{"line":20,"column":3}}},"2":{"name":"(anonymous_2)","decl":{"start":{"line":11,"column":12},"end":{"line":11,"column":13}},"loc":{"start":{"line":11,"column":26},"end":{"line":11,"column":41}}},"3":{"name":"(anonymous_3)","decl":{"start":{"line":12,"column":12},"end":{"line":12,"column":13}},"loc":{"start":{"line":12,"column":21},"end":{"line":14,"column":7}}},"4":{"name":"(anonymous_4)","decl":{"start":{"line":16,"column":12},"end":{"line":16,"column":13}},"loc":{"start":{"line":16,"column":26},"end":{"line":16,"column":41}}},"5":{"name":"(anonymous_5)","decl":{"start":{"line":17,"column":12},"end":{"line":17,"column":13}},"loc":{"start":{"line":17,"column":21},"end":{"line":19,"column":7}}},"6":{"name":"(anonymous_6)","decl":{"start":{"line":26,"column":19},"end":{"line":26,"column":20}},"loc":{"start":{"line":27,"column":10},"end":{"line":27,"column":null}}},"7":{"name":"(anonymous_7)","decl":{"start":{"line":34,"column":20},"end":{"line":34,"column":21}},"loc":{"start":{"line":35,"column":10},"end":{"line":35,"column":27}}}},"branchMap":{"0":{"loc":{"start":{"line":28,"column":28},"end":{"line":28,"column":68}},"type":"cond-expr","locations":[{"start":{"line":28,"column":45},"end":{"line":28,"column":56}},{"start":{"line":28,"column":59},"end":{"line":28,"column":68}}]}},"s":{"0":1,"1":1,"2":4,"3":4,"4":4,"5":2,"6":2,"7":2,"8":2,"9":2,"10":2,"11":4,"12":10,"13":10,"14":1},"f":{"0":4,"1":2,"2":2,"3":2,"4":2,"5":2,"6":10,"7":10},"b":{"0":[2,8]}}
}
